<testsuites errors="0" failures="0" name="Selected tests" time="65.06999999999999" tests="12"><testsuite tests="4" failures="0" errors="0" time="0.026000" timestamp="2017-03-15T19:04:38GMT-07:00" name="sour-mashTests.xctest"><testsuite tests="4" failures="0" errors="0" time="0.024000" timestamp="2017-03-15T19:04:38GMT-07:00" name="sour_mashTests"><testcase classname="sour_mashTests" name="testExample" time="0.015000"><system-out>
XCTestOutputBarrier    t =     0.00s     Start Test at 2017-03-15 19:04:38.333
    t =     0.00s     Set Up
    t =     0.01s     Tear Down
        </system-out></testcase><testcase classname="sour_mashTests" name="testExample1" time="0.002000"><system-out>
XCTestOutputBarrier    t =     0.00s     Start Test at 2017-03-15 19:04:38.349
    t =     0.00s     Set Up
    t =     0.00s     Tear Down
        </system-out></testcase><testcase classname="sour_mashTests" name="testExample2" time="0.002000"><system-out>
XCTestOutputBarrier    t =     0.00s     Start Test at 2017-03-15 19:04:38.351
    t =     0.00s     Set Up
    t =     0.00s     Tear Down
        </system-out></testcase><testcase classname="sour_mashTests" name="testExample3" time="0.002000"><system-out>
XCTestOutputBarrier    t =     0.00s     Start Test at 2017-03-15 19:04:38.354
    t =     0.00s     Set Up
    t =     0.00s     Tear Down
        </system-out></testcase></testsuite></testsuite><testsuite tests="3" failures="0" errors="0" time="24.231000" timestamp="2017-03-15T19:04:40GMT-07:00" name="sour-mashUITests.xctest"><testsuite tests="1" failures="0" errors="0" time="8.062000" timestamp="2017-03-15T19:04:40GMT-07:00" name="BlackWhiteUITests"><testcase classname="BlackWhiteUITests" name="testBlackWhite" time="8.061000"><system-out>
XCTestOutputBarrier    t =     0.00s     Start Test at 2017-03-15 19:04:40.471
    t =     0.00s     Set Up
    t =     0.00s     Launch com.jameseisenhauer.sour-mash
    t =     5.07s         Waiting for accessibility to load
    t =     5.34s         Wait for app to idle
    t =     6.58s     Tap Button
    t =     6.58s         Wait for app to idle
    t =     6.63s         Find the Button
    t =     6.63s             Snapshot accessibility hierarchy for com.jameseisenhauer.sour-mash
    t =     6.66s             Find: Descendants matching type TabBar
    t =     6.66s             Find: Descendants matching type Button
    t =     6.66s             Find: Element at index 1
    t =     6.67s             Wait for app to idle
    t =     6.72s         Synthesize event
    t =     6.98s         Wait for app to idle
    t =     7.03s     Snapshot accessibility hierarchy for com.jameseisenhauer.sour-mash
    t =     7.05s     Find: Descendants matching type StaticText
    t =     7.05s     Find: Elements matching predicate '"lbl_black_title" IN identifiers'
    t =     7.05s     Use cached accessibility hierarchy for com.jameseisenhauer.sour-mash
    t =     7.05s     Find: Descendants matching type StaticText
    t =     7.05s     Find: Elements matching predicate '"lbl_black_sub_title" IN identifiers'
    t =     7.05s     Check predicate `exists == 1` against object `"White" Button`
    t =     7.05s         Use cached accessibility hierarchy for com.jameseisenhauer.sour-mash
    t =     7.06s         Find: Descendants matching type TabBar
    t =     7.06s         Find: Descendants matching type Button
    t =     7.06s         Find: Elements matching predicate '"White" IN identifiers'
    t =     7.06s     Find the "White" Button
    t =     7.06s         Use cached accessibility hierarchy for com.jameseisenhauer.sour-mash
    t =     7.06s         Find: Descendants matching type TabBar
    t =     7.06s         Find: Descendants matching type Button
    t =     7.06s         Find: Elements matching predicate '"White" IN identifiers'
    t =     7.27s     Tap "White" Button
    t =     7.27s         Wait for app to idle
    t =     7.31s         Find the "White" Button
    t =     7.31s             Snapshot accessibility hierarchy for com.jameseisenhauer.sour-mash
    t =     7.33s             Find: Descendants matching type TabBar
    t =     7.33s             Find: Descendants matching type Button
    t =     7.33s             Find: Elements matching predicate '"White" IN identifiers'
    t =     7.33s             Wait for app to idle
    t =     7.38s         Synthesize event
    t =     7.64s         Wait for app to idle
    t =     7.69s     Snapshot accessibility hierarchy for com.jameseisenhauer.sour-mash
    t =     7.71s     Find: Descendants matching type StaticText
    t =     7.71s     Find: Elements matching predicate '"lbl_white_title" IN identifiers'
    t =     7.71s     Use cached accessibility hierarchy for com.jameseisenhauer.sour-mash
    t =     7.71s     Find: Descendants matching type StaticText
    t =     7.71s     Find: Elements matching predicate '"lbl_white_sub_title" IN identifiers'
    t =     7.71s     Tear Down
        </system-out></testcase></testsuite><testsuite tests="1" failures="0" errors="0" time="8.149000" timestamp="2017-03-15T19:04:48GMT-07:00" name="test1"><testcase classname="test1" name="test1BlackWhite" time="8.148000"><system-out>
XCTestOutputBarrier    t =     0.00s     Start Test at 2017-03-15 19:04:48.534
    t =     0.00s     Set Up
    t =     0.00s     Launch com.jameseisenhauer.sour-mash
    t =     0.05s         Terminate &lt;XCUIApplicationProcess: 0x6080000a5880 com.jameseisenhauer.sour-mash (52662)&gt;
    t =     4.97s         Waiting for accessibility to load
    t =     5.18s         Wait for app to idle
    t =     6.53s     Tap Button
    t =     6.53s         Wait for app to idle
    t =     6.59s         Find the Button
    t =     6.59s             Snapshot accessibility hierarchy for com.jameseisenhauer.sour-mash
    t =     6.62s             Find: Descendants matching type TabBar
    t =     6.62s             Find: Descendants matching type Button
    t =     6.62s             Find: Element at index 1
    t =     6.63s             Wait for app to idle
    t =     6.68s         Synthesize event
    t =     6.95s         Wait for app to idle
    t =     7.01s     Snapshot accessibility hierarchy for com.jameseisenhauer.sour-mash
    t =     7.03s     Find: Descendants matching type StaticText
    t =     7.03s     Find: Elements matching predicate '"lbl_black_title" IN identifiers'
    t =     7.03s     Use cached accessibility hierarchy for com.jameseisenhauer.sour-mash
    t =     7.04s     Find: Descendants matching type StaticText
    t =     7.04s     Find: Elements matching predicate '"lbl_black_sub_title" IN identifiers'
    t =     7.04s     Check predicate `exists == 1` against object `"White" Button`
    t =     7.04s         Use cached accessibility hierarchy for com.jameseisenhauer.sour-mash
    t =     7.04s         Find: Descendants matching type TabBar
    t =     7.04s         Find: Descendants matching type Button
    t =     7.04s         Find: Elements matching predicate '"White" IN identifiers'
    t =     7.05s     Find the "White" Button
    t =     7.05s         Use cached accessibility hierarchy for com.jameseisenhauer.sour-mash
    t =     7.05s         Find: Descendants matching type TabBar
    t =     7.05s         Find: Descendants matching type Button
    t =     7.05s         Find: Elements matching predicate '"White" IN identifiers'
    t =     7.25s     Tap "White" Button
    t =     7.26s         Wait for app to idle
    t =     7.34s         Find the "White" Button
    t =     7.34s             Snapshot accessibility hierarchy for com.jameseisenhauer.sour-mash
    t =     7.37s             Find: Descendants matching type TabBar
    t =     7.37s             Find: Descendants matching type Button
    t =     7.37s             Find: Elements matching predicate '"White" IN identifiers'
    t =     7.38s             Wait for app to idle
    t =     7.43s         Synthesize event
    t =     7.69s         Wait for app to idle
    t =     7.75s     Snapshot accessibility hierarchy for com.jameseisenhauer.sour-mash
    t =     7.80s     Find: Descendants matching type StaticText
    t =     7.80s     Find: Elements matching predicate '"lbl_white_title" IN identifiers'
    t =     7.80s     Use cached accessibility hierarchy for com.jameseisenhauer.sour-mash
    t =     7.80s     Find: Descendants matching type StaticText
    t =     7.80s     Find: Elements matching predicate '"lbl_white_sub_title" IN identifiers'
    t =     7.81s     Tear Down
        </system-out></testcase></testsuite><testsuite tests="1" failures="0" errors="0" time="8.019000" timestamp="2017-03-15T19:04:56GMT-07:00" name="test2"><testcase classname="test2" name="test2BlackWhite" time="8.018000"><system-out>
XCTestOutputBarrier    t =     0.00s     Start Test at 2017-03-15 19:04:56.683
    t =     0.00s     Set Up
    t =     0.00s     Launch com.jameseisenhauer.sour-mash
    t =     0.05s         Terminate &lt;XCUIApplicationProcess: 0x6080000a6300 com.jameseisenhauer.sour-mash (52720)&gt;
    t =     5.01s         Waiting for accessibility to load
    t =     5.21s         Wait for app to idle
    t =     6.41s     Tap Button
    t =     6.41s         Wait for app to idle
    t =     6.47s         Find the Button
    t =     6.47s             Snapshot accessibility hierarchy for com.jameseisenhauer.sour-mash
    t =     6.50s             Find: Descendants matching type TabBar
    t =     6.50s             Find: Descendants matching type Button
    t =     6.50s             Find: Element at index 1
    t =     6.51s             Wait for app to idle
    t =     6.57s         Synthesize event
    t =     6.83s         Wait for app to idle
    t =     6.88s     Snapshot accessibility hierarchy for com.jameseisenhauer.sour-mash
    t =     6.90s     Find: Descendants matching type StaticText
    t =     6.90s     Find: Elements matching predicate '"lbl_black_title" IN identifiers'
    t =     6.90s     Use cached accessibility hierarchy for com.jameseisenhauer.sour-mash
    t =     6.90s     Find: Descendants matching type StaticText
    t =     6.90s     Find: Elements matching predicate '"lbl_black_sub_title" IN identifiers'
    t =     6.90s     Check predicate `exists == 1` against object `"White" Button`
    t =     6.90s         Use cached accessibility hierarchy for com.jameseisenhauer.sour-mash
    t =     6.91s         Find: Descendants matching type TabBar
    t =     6.91s         Find: Descendants matching type Button
    t =     6.91s         Find: Elements matching predicate '"White" IN identifiers'
    t =     6.91s     Find the "White" Button
    t =     6.91s         Use cached accessibility hierarchy for com.jameseisenhauer.sour-mash
    t =     6.91s         Find: Descendants matching type TabBar
    t =     6.91s         Find: Descendants matching type Button
    t =     6.91s         Find: Elements matching predicate '"White" IN identifiers'
    t =     7.19s     Tap "White" Button
    t =     7.19s         Wait for app to idle
    t =     7.25s         Find the "White" Button
    t =     7.25s             Snapshot accessibility hierarchy for com.jameseisenhauer.sour-mash
    t =     7.27s             Find: Descendants matching type TabBar
    t =     7.27s             Find: Descendants matching type Button
    t =     7.27s             Find: Elements matching predicate '"White" IN identifiers'
    t =     7.27s             Wait for app to idle
    t =     7.33s         Synthesize event
    t =     7.59s         Wait for app to idle
    t =     7.65s     Snapshot accessibility hierarchy for com.jameseisenhauer.sour-mash
    t =     7.66s     Find: Descendants matching type StaticText
    t =     7.66s     Find: Elements matching predicate '"lbl_white_title" IN identifiers'
    t =     7.67s     Use cached accessibility hierarchy for com.jameseisenhauer.sour-mash
    t =     7.67s     Find: Descendants matching type StaticText
    t =     7.67s     Find: Elements matching predicate '"lbl_white_sub_title" IN identifiers'
    t =     7.67s     Tear Down
        </system-out></testcase></testsuite></testsuite><testsuite tests="3" failures="0" errors="0" time="25.041000" timestamp="2017-03-15T19:04:40GMT-07:00" name="sour-mashUITests.xctest"><testsuite tests="1" failures="0" errors="0" time="8.332000" timestamp="2017-03-15T19:04:40GMT-07:00" name="test3"><testcase classname="test3" name="test3BlackWhite" time="8.331000"><system-out>
XCTestOutputBarrier    t =     0.00s     Start Test at 2017-03-15 19:04:40.411
    t =     0.00s     Set Up
    t =     0.00s     Launch com.jameseisenhauer.sour-mash
    t =     5.07s         Waiting for accessibility to load
    t =     5.64s         Wait for app to idle
    t =     6.79s     Tap Button
    t =     6.79s         Wait for app to idle
    t =     6.84s         Find the Button
    t =     6.84s             Snapshot accessibility hierarchy for com.jameseisenhauer.sour-mash
    t =     6.87s             Find: Descendants matching type TabBar
    t =     6.87s             Find: Descendants matching type Button
    t =     6.87s             Find: Element at index 1
    t =     6.88s             Wait for app to idle
    t =     6.92s         Synthesize event
    t =     7.18s         Wait for app to idle
    t =     7.23s     Snapshot accessibility hierarchy for com.jameseisenhauer.sour-mash
    t =     7.25s     Find: Descendants matching type StaticText
    t =     7.25s     Find: Elements matching predicate '"lbl_black_title" IN identifiers'
    t =     7.25s     Use cached accessibility hierarchy for com.jameseisenhauer.sour-mash
    t =     7.25s     Find: Descendants matching type StaticText
    t =     7.25s     Find: Elements matching predicate '"lbl_black_sub_title" IN identifiers'
    t =     7.25s     Check predicate `exists == 1` against object `"White" Button`
    t =     7.25s         Use cached accessibility hierarchy for com.jameseisenhauer.sour-mash
    t =     7.26s         Find: Descendants matching type TabBar
    t =     7.26s         Find: Descendants matching type Button
    t =     7.26s         Find: Elements matching predicate '"White" IN identifiers'
    t =     7.26s     Find the "White" Button
    t =     7.26s         Use cached accessibility hierarchy for com.jameseisenhauer.sour-mash
    t =     7.26s         Find: Descendants matching type TabBar
    t =     7.26s         Find: Descendants matching type Button
    t =     7.26s         Find: Elements matching predicate '"White" IN identifiers'
    t =     7.54s     Tap "White" Button
    t =     7.54s         Wait for app to idle
    t =     7.59s         Find the "White" Button
    t =     7.59s             Snapshot accessibility hierarchy for com.jameseisenhauer.sour-mash
    t =     7.60s             Find: Descendants matching type TabBar
    t =     7.61s             Find: Descendants matching type Button
    t =     7.61s             Find: Elements matching predicate '"White" IN identifiers'
    t =     7.61s             Wait for app to idle
    t =     7.66s         Synthesize event
    t =     7.92s         Wait for app to idle
    t =     7.97s     Snapshot accessibility hierarchy for com.jameseisenhauer.sour-mash
    t =     7.98s     Find: Descendants matching type StaticText
    t =     7.98s     Find: Elements matching predicate '"lbl_white_title" IN identifiers'
    t =     7.98s     Use cached accessibility hierarchy for com.jameseisenhauer.sour-mash
    t =     7.98s     Find: Descendants matching type StaticText
    t =     7.99s     Find: Elements matching predicate '"lbl_white_sub_title" IN identifiers'
    t =     7.99s     Tear Down
        </system-out></testcase></testsuite><testsuite tests="1" failures="0" errors="0" time="8.517000" timestamp="2017-03-15T19:04:48GMT-07:00" name="test4"><testcase classname="test4" name="test4BlackWhite" time="8.516000"><system-out>
XCTestOutputBarrier    t =     0.00s     Start Test at 2017-03-15 19:04:48.743
    t =     0.00s     Set Up
    t =     0.00s     Launch com.jameseisenhauer.sour-mash
    t =     0.05s         Terminate &lt;XCUIApplicationProcess: 0x6080000ae3a0 com.jameseisenhauer.sour-mash (52661)&gt;
    t =     4.97s         Waiting for accessibility to load
    t =     5.30s         Wait for app to idle
    t =     6.62s     Tap Button
    t =     6.62s         Wait for app to idle
    t =     6.67s         Find the Button
    t =     6.67s             Snapshot accessibility hierarchy for com.jameseisenhauer.sour-mash
    t =     6.70s             Find: Descendants matching type TabBar
    t =     6.70s             Find: Descendants matching type Button
    t =     6.70s             Find: Element at index 1
    t =     6.70s             Wait for app to idle
    t =     6.76s         Synthesize event
    t =     7.03s         Wait for app to idle
    t =     7.11s     Snapshot accessibility hierarchy for com.jameseisenhauer.sour-mash
    t =     7.14s     Find: Descendants matching type StaticText
    t =     7.14s     Find: Elements matching predicate '"lbl_black_title" IN identifiers'
    t =     7.14s     Use cached accessibility hierarchy for com.jameseisenhauer.sour-mash
    t =     7.15s     Find: Descendants matching type StaticText
    t =     7.15s     Find: Elements matching predicate '"lbl_black_sub_title" IN identifiers'
    t =     7.15s     Check predicate `exists == 1` against object `"White" Button`
    t =     7.15s         Use cached accessibility hierarchy for com.jameseisenhauer.sour-mash
    t =     7.16s         Find: Descendants matching type TabBar
    t =     7.16s         Find: Descendants matching type Button
    t =     7.16s         Find: Elements matching predicate '"White" IN identifiers'
    t =     7.16s     Find the "White" Button
    t =     7.16s         Use cached accessibility hierarchy for com.jameseisenhauer.sour-mash
    t =     7.16s         Find: Descendants matching type TabBar
    t =     7.16s         Find: Descendants matching type Button
    t =     7.17s         Find: Elements matching predicate '"White" IN identifiers'
    t =     7.45s     Tap "White" Button
    t =     7.45s         Wait for app to idle
    t =     7.50s         Find the "White" Button
    t =     7.50s             Snapshot accessibility hierarchy for com.jameseisenhauer.sour-mash
    t =     7.52s             Find: Descendants matching type TabBar
    t =     7.52s             Find: Descendants matching type Button
    t =     7.52s             Find: Elements matching predicate '"White" IN identifiers'
    t =     7.53s             Wait for app to idle
    t =     7.79s         Synthesize event
    t =     8.08s         Wait for app to idle
    t =     8.14s     Snapshot accessibility hierarchy for com.jameseisenhauer.sour-mash
    t =     8.16s     Find: Descendants matching type StaticText
    t =     8.16s     Find: Elements matching predicate '"lbl_white_title" IN identifiers'
    t =     8.16s     Use cached accessibility hierarchy for com.jameseisenhauer.sour-mash
    t =     8.17s     Find: Descendants matching type StaticText
    t =     8.17s     Find: Elements matching predicate '"lbl_white_sub_title" IN identifiers'
    t =     8.17s     Tear Down
        </system-out></testcase></testsuite><testsuite tests="1" failures="0" errors="0" time="8.191000" timestamp="2017-03-15T19:04:57GMT-07:00" name="test5"><testcase classname="test5" name="test5BlackWhite" time="8.190000"><system-out>
XCTestOutputBarrier    t =     0.00s     Start Test at 2017-03-15 19:04:57.261
    t =     0.00s     Set Up
    t =     0.00s     Launch com.jameseisenhauer.sour-mash
    t =     0.06s         Terminate &lt;XCUIApplicationProcess: 0x6180000ae3a0 com.jameseisenhauer.sour-mash (52721)&gt;
    t =     5.07s         Waiting for accessibility to load
    t =     5.35s         Wait for app to idle
    t =     6.61s     Tap Button
    t =     6.62s         Wait for app to idle
    t =     6.67s         Find the Button
    t =     6.67s             Snapshot accessibility hierarchy for com.jameseisenhauer.sour-mash
    t =     6.71s             Find: Descendants matching type TabBar
    t =     6.71s             Find: Descendants matching type Button
    t =     6.71s             Find: Element at index 1
    t =     6.71s             Wait for app to idle
    t =     6.77s         Synthesize event
    t =     7.04s         Wait for app to idle
    t =     7.10s     Snapshot accessibility hierarchy for com.jameseisenhauer.sour-mash
    t =     7.11s     Find: Descendants matching type StaticText
    t =     7.12s     Find: Elements matching predicate '"lbl_black_title" IN identifiers'
    t =     7.12s     Use cached accessibility hierarchy for com.jameseisenhauer.sour-mash
    t =     7.12s     Find: Descendants matching type StaticText
    t =     7.12s     Find: Elements matching predicate '"lbl_black_sub_title" IN identifiers'
    t =     7.12s     Check predicate `exists == 1` against object `"White" Button`
    t =     7.12s         Use cached accessibility hierarchy for com.jameseisenhauer.sour-mash
    t =     7.12s         Find: Descendants matching type TabBar
    t =     7.13s         Find: Descendants matching type Button
    t =     7.13s         Find: Elements matching predicate '"White" IN identifiers'
    t =     7.13s     Find the "White" Button
    t =     7.13s         Use cached accessibility hierarchy for com.jameseisenhauer.sour-mash
    t =     7.13s         Find: Descendants matching type TabBar
    t =     7.13s         Find: Descendants matching type Button
    t =     7.13s         Find: Elements matching predicate '"White" IN identifiers'
    t =     7.36s     Tap "White" Button
    t =     7.36s         Wait for app to idle
    t =     7.41s         Find the "White" Button
    t =     7.41s             Snapshot accessibility hierarchy for com.jameseisenhauer.sour-mash
    t =     7.43s             Find: Descendants matching type TabBar
    t =     7.43s             Find: Descendants matching type Button
    t =     7.43s             Find: Elements matching predicate '"White" IN identifiers'
    t =     7.44s             Wait for app to idle
    t =     7.65s         Synthesize event
    t =     7.91s         Wait for app to idle
    t =     7.97s     Snapshot accessibility hierarchy for com.jameseisenhauer.sour-mash
    t =     7.98s     Find: Descendants matching type StaticText
    t =     7.98s     Find: Elements matching predicate '"lbl_white_title" IN identifiers'
    t =     7.98s     Use cached accessibility hierarchy for com.jameseisenhauer.sour-mash
    t =     7.99s     Find: Descendants matching type StaticText
    t =     7.99s     Find: Elements matching predicate '"lbl_white_sub_title" IN identifiers'
    t =     7.99s     Tear Down
        </system-out></testcase></testsuite></testsuite><testsuite tests="2" failures="0" errors="0" time="15.767000" timestamp="2017-03-15T19:05:17GMT-07:00" name="sour-mashUITests.xctest"><testsuite tests="1" failures="0" errors="0" time="7.889000" timestamp="2017-03-15T19:05:17GMT-07:00" name="test6"><testcase classname="test6" name="test6BlackWhite" time="7.889000"><system-out>
XCTestOutputBarrier    t =     0.00s     Start Test at 2017-03-15 19:05:17.651
    t =     0.00s     Set Up
    t =     0.00s     Launch com.jameseisenhauer.sour-mash
    t =     4.92s         Waiting for accessibility to load
    t =     5.12s         Wait for app to idle
    t =     6.37s     Tap Button
    t =     6.37s         Wait for app to idle
    t =     6.42s         Find the Button
    t =     6.42s             Snapshot accessibility hierarchy for com.jameseisenhauer.sour-mash
    t =     6.44s             Find: Descendants matching type TabBar
    t =     6.44s             Find: Descendants matching type Button
    t =     6.44s             Find: Element at index 1
    t =     6.45s             Wait for app to idle
    t =     6.50s         Synthesize event
    t =     6.76s         Wait for app to idle
    t =     6.80s     Snapshot accessibility hierarchy for com.jameseisenhauer.sour-mash
    t =     6.82s     Find: Descendants matching type StaticText
    t =     6.82s     Find: Elements matching predicate '"lbl_black_title" IN identifiers'
    t =     6.82s     Use cached accessibility hierarchy for com.jameseisenhauer.sour-mash
    t =     6.82s     Find: Descendants matching type StaticText
    t =     6.82s     Find: Elements matching predicate '"lbl_black_sub_title" IN identifiers'
    t =     6.82s     Check predicate `exists == 1` against object `"White" Button`
    t =     6.82s         Use cached accessibility hierarchy for com.jameseisenhauer.sour-mash
    t =     6.83s         Find: Descendants matching type TabBar
    t =     6.83s         Find: Descendants matching type Button
    t =     6.83s         Find: Elements matching predicate '"White" IN identifiers'
    t =     6.83s     Find the "White" Button
    t =     6.83s         Use cached accessibility hierarchy for com.jameseisenhauer.sour-mash
    t =     6.83s         Find: Descendants matching type TabBar
    t =     6.83s         Find: Descendants matching type Button
    t =     6.83s         Find: Elements matching predicate '"White" IN identifiers'
    t =     7.11s     Tap "White" Button
    t =     7.11s         Wait for app to idle
    t =     7.16s         Find the "White" Button
    t =     7.16s             Snapshot accessibility hierarchy for com.jameseisenhauer.sour-mash
    t =     7.17s             Find: Descendants matching type TabBar
    t =     7.17s             Find: Descendants matching type Button
    t =     7.17s             Find: Elements matching predicate '"White" IN identifiers'
    t =     7.18s             Wait for app to idle
    t =     7.22s         Synthesize event
    t =     7.47s         Wait for app to idle
    t =     7.52s     Snapshot accessibility hierarchy for com.jameseisenhauer.sour-mash
    t =     7.54s     Find: Descendants matching type StaticText
    t =     7.54s     Find: Elements matching predicate '"lbl_white_title" IN identifiers'
    t =     7.54s     Use cached accessibility hierarchy for com.jameseisenhauer.sour-mash
    t =     7.54s     Find: Descendants matching type StaticText
    t =     7.54s     Find: Elements matching predicate '"lbl_white_sub_title" IN identifiers'
    t =     7.54s     Tear Down
        </system-out></testcase></testsuite><testsuite tests="1" failures="0" errors="0" time="7.877000" timestamp="2017-03-15T19:05:25GMT-07:00" name="test7"><testcase classname="test7" name="test7BlackWhite" time="7.876000"><system-out>
XCTestOutputBarrier    t =     0.00s     Start Test at 2017-03-15 19:05:25.540
    t =     0.00s     Set Up
    t =     0.00s     Launch com.jameseisenhauer.sour-mash
    t =     0.04s         Terminate &lt;XCUIApplicationProcess: 0x6180000bc6e0 com.jameseisenhauer.sour-mash (52786)&gt;
    t =     5.01s         Waiting for accessibility to load
    t =     5.17s         Wait for app to idle
    t =     6.36s     Tap Button
    t =     6.36s         Wait for app to idle
    t =     6.41s         Find the Button
    t =     6.41s             Snapshot accessibility hierarchy for com.jameseisenhauer.sour-mash
    t =     6.43s             Find: Descendants matching type TabBar
    t =     6.44s             Find: Descendants matching type Button
    t =     6.44s             Find: Element at index 1
    t =     6.44s             Wait for app to idle
    t =     6.49s         Synthesize event
    t =     6.75s         Wait for app to idle
    t =     6.79s     Snapshot accessibility hierarchy for com.jameseisenhauer.sour-mash
    t =     6.81s     Find: Descendants matching type StaticText
    t =     6.81s     Find: Elements matching predicate '"lbl_black_title" IN identifiers'
    t =     6.81s     Use cached accessibility hierarchy for com.jameseisenhauer.sour-mash
    t =     6.81s     Find: Descendants matching type StaticText
    t =     6.81s     Find: Elements matching predicate '"lbl_black_sub_title" IN identifiers'
    t =     6.81s     Check predicate `exists == 1` against object `"White" Button`
    t =     6.81s         Use cached accessibility hierarchy for com.jameseisenhauer.sour-mash
    t =     6.81s         Find: Descendants matching type TabBar
    t =     6.82s         Find: Descendants matching type Button
    t =     6.82s         Find: Elements matching predicate '"White" IN identifiers'
    t =     6.82s     Find the "White" Button
    t =     6.82s         Use cached accessibility hierarchy for com.jameseisenhauer.sour-mash
    t =     6.82s         Find: Descendants matching type TabBar
    t =     6.82s         Find: Descendants matching type Button
    t =     6.82s         Find: Elements matching predicate '"White" IN identifiers'
    t =     7.10s     Tap "White" Button
    t =     7.10s         Wait for app to idle
    t =     7.14s         Find the "White" Button
    t =     7.14s             Snapshot accessibility hierarchy for com.jameseisenhauer.sour-mash
    t =     7.16s             Find: Descendants matching type TabBar
    t =     7.16s             Find: Descendants matching type Button
    t =     7.16s             Find: Elements matching predicate '"White" IN identifiers'
    t =     7.16s             Wait for app to idle
    t =     7.21s         Synthesize event
    t =     7.46s         Wait for app to idle
    t =     7.51s     Snapshot accessibility hierarchy for com.jameseisenhauer.sour-mash
    t =     7.52s     Find: Descendants matching type StaticText
    t =     7.53s     Find: Elements matching predicate '"lbl_white_title" IN identifiers'
    t =     7.53s     Use cached accessibility hierarchy for com.jameseisenhauer.sour-mash
    t =     7.53s     Find: Descendants matching type StaticText
    t =     7.53s     Find: Elements matching predicate '"lbl_white_sub_title" IN identifiers'
    t =     7.53s     Tear Down
        </system-out></testcase></testsuite></testsuite></testsuites>