<?xml version="1.0" encoding="UTF-8"?>
<testsuites name="Selected tests" tests="3" failures="0" errors="0" time="24.232000">
  <testsuite tests="3" failures="0" errors="0" time="24.231000" timestamp="2017-03-15T19:04:40GMT-07:00" name="sour-mashUITests.xctest">
    <testsuite tests="1" failures="0" errors="0" time="8.062000" timestamp="2017-03-15T19:04:40GMT-07:00" name="BlackWhiteUITests">
      <testcase classname="BlackWhiteUITests" name="testBlackWhite" time="8.061000">
        <system-out>
XCTestOutputBarrier    t =     0.00s     Start Test at 2017-03-15 19:04:40.471
    t =     0.00s     Set Up
    t =     0.00s     Launch com.jameseisenhauer.sour-mash
    t =     5.07s         Waiting for accessibility to load
    t =     5.34s         Wait for app to idle
    t =     6.58s     Tap Button
    t =     6.58s         Wait for app to idle
    t =     6.63s         Find the Button
    t =     6.63s             Snapshot accessibility hierarchy for com.jameseisenhauer.sour-mash
    t =     6.66s             Find: Descendants matching type TabBar
    t =     6.66s             Find: Descendants matching type Button
    t =     6.66s             Find: Element at index 1
    t =     6.67s             Wait for app to idle
    t =     6.72s         Synthesize event
    t =     6.98s         Wait for app to idle
    t =     7.03s     Snapshot accessibility hierarchy for com.jameseisenhauer.sour-mash
    t =     7.05s     Find: Descendants matching type StaticText
    t =     7.05s     Find: Elements matching predicate &#x27;&quot;lbl_black_title&quot; IN identifiers&#x27;
    t =     7.05s     Use cached accessibility hierarchy for com.jameseisenhauer.sour-mash
    t =     7.05s     Find: Descendants matching type StaticText
    t =     7.05s     Find: Elements matching predicate &#x27;&quot;lbl_black_sub_title&quot; IN identifiers&#x27;
    t =     7.05s     Check predicate `exists == 1` against object `&quot;White&quot; Button`
    t =     7.05s         Use cached accessibility hierarchy for com.jameseisenhauer.sour-mash
    t =     7.06s         Find: Descendants matching type TabBar
    t =     7.06s         Find: Descendants matching type Button
    t =     7.06s         Find: Elements matching predicate &#x27;&quot;White&quot; IN identifiers&#x27;
    t =     7.06s     Find the &quot;White&quot; Button
    t =     7.06s         Use cached accessibility hierarchy for com.jameseisenhauer.sour-mash
    t =     7.06s         Find: Descendants matching type TabBar
    t =     7.06s         Find: Descendants matching type Button
    t =     7.06s         Find: Elements matching predicate &#x27;&quot;White&quot; IN identifiers&#x27;
    t =     7.27s     Tap &quot;White&quot; Button
    t =     7.27s         Wait for app to idle
    t =     7.31s         Find the &quot;White&quot; Button
    t =     7.31s             Snapshot accessibility hierarchy for com.jameseisenhauer.sour-mash
    t =     7.33s             Find: Descendants matching type TabBar
    t =     7.33s             Find: Descendants matching type Button
    t =     7.33s             Find: Elements matching predicate &#x27;&quot;White&quot; IN identifiers&#x27;
    t =     7.33s             Wait for app to idle
    t =     7.38s         Synthesize event
    t =     7.64s         Wait for app to idle
    t =     7.69s     Snapshot accessibility hierarchy for com.jameseisenhauer.sour-mash
    t =     7.71s     Find: Descendants matching type StaticText
    t =     7.71s     Find: Elements matching predicate &#x27;&quot;lbl_white_title&quot; IN identifiers&#x27;
    t =     7.71s     Use cached accessibility hierarchy for com.jameseisenhauer.sour-mash
    t =     7.71s     Find: Descendants matching type StaticText
    t =     7.71s     Find: Elements matching predicate &#x27;&quot;lbl_white_sub_title&quot; IN identifiers&#x27;
    t =     7.71s     Tear Down
        </system-out>
      </testcase>
    </testsuite>
    <testsuite tests="1" failures="0" errors="0" time="8.149000" timestamp="2017-03-15T19:04:48GMT-07:00" name="test1">
      <testcase classname="test1" name="test1BlackWhite" time="8.148000">
        <system-out>
XCTestOutputBarrier    t =     0.00s     Start Test at 2017-03-15 19:04:48.534
    t =     0.00s     Set Up
    t =     0.00s     Launch com.jameseisenhauer.sour-mash
    t =     0.05s         Terminate &lt;XCUIApplicationProcess: 0x6080000a5880 com.jameseisenhauer.sour-mash (52662)&gt;
    t =     4.97s         Waiting for accessibility to load
    t =     5.18s         Wait for app to idle
    t =     6.53s     Tap Button
    t =     6.53s         Wait for app to idle
    t =     6.59s         Find the Button
    t =     6.59s             Snapshot accessibility hierarchy for com.jameseisenhauer.sour-mash
    t =     6.62s             Find: Descendants matching type TabBar
    t =     6.62s             Find: Descendants matching type Button
    t =     6.62s             Find: Element at index 1
    t =     6.63s             Wait for app to idle
    t =     6.68s         Synthesize event
    t =     6.95s         Wait for app to idle
    t =     7.01s     Snapshot accessibility hierarchy for com.jameseisenhauer.sour-mash
    t =     7.03s     Find: Descendants matching type StaticText
    t =     7.03s     Find: Elements matching predicate &#x27;&quot;lbl_black_title&quot; IN identifiers&#x27;
    t =     7.03s     Use cached accessibility hierarchy for com.jameseisenhauer.sour-mash
    t =     7.04s     Find: Descendants matching type StaticText
    t =     7.04s     Find: Elements matching predicate &#x27;&quot;lbl_black_sub_title&quot; IN identifiers&#x27;
    t =     7.04s     Check predicate `exists == 1` against object `&quot;White&quot; Button`
    t =     7.04s         Use cached accessibility hierarchy for com.jameseisenhauer.sour-mash
    t =     7.04s         Find: Descendants matching type TabBar
    t =     7.04s         Find: Descendants matching type Button
    t =     7.04s         Find: Elements matching predicate &#x27;&quot;White&quot; IN identifiers&#x27;
    t =     7.05s     Find the &quot;White&quot; Button
    t =     7.05s         Use cached accessibility hierarchy for com.jameseisenhauer.sour-mash
    t =     7.05s         Find: Descendants matching type TabBar
    t =     7.05s         Find: Descendants matching type Button
    t =     7.05s         Find: Elements matching predicate &#x27;&quot;White&quot; IN identifiers&#x27;
    t =     7.25s     Tap &quot;White&quot; Button
    t =     7.26s         Wait for app to idle
    t =     7.34s         Find the &quot;White&quot; Button
    t =     7.34s             Snapshot accessibility hierarchy for com.jameseisenhauer.sour-mash
    t =     7.37s             Find: Descendants matching type TabBar
    t =     7.37s             Find: Descendants matching type Button
    t =     7.37s             Find: Elements matching predicate &#x27;&quot;White&quot; IN identifiers&#x27;
    t =     7.38s             Wait for app to idle
    t =     7.43s         Synthesize event
    t =     7.69s         Wait for app to idle
    t =     7.75s     Snapshot accessibility hierarchy for com.jameseisenhauer.sour-mash
    t =     7.80s     Find: Descendants matching type StaticText
    t =     7.80s     Find: Elements matching predicate &#x27;&quot;lbl_white_title&quot; IN identifiers&#x27;
    t =     7.80s     Use cached accessibility hierarchy for com.jameseisenhauer.sour-mash
    t =     7.80s     Find: Descendants matching type StaticText
    t =     7.80s     Find: Elements matching predicate &#x27;&quot;lbl_white_sub_title&quot; IN identifiers&#x27;
    t =     7.81s     Tear Down
        </system-out>
      </testcase>
    </testsuite>
    <testsuite tests="1" failures="0" errors="0" time="8.019000" timestamp="2017-03-15T19:04:56GMT-07:00" name="test2">
      <testcase classname="test2" name="test2BlackWhite" time="8.018000">
        <system-out>
XCTestOutputBarrier    t =     0.00s     Start Test at 2017-03-15 19:04:56.683
    t =     0.00s     Set Up
    t =     0.00s     Launch com.jameseisenhauer.sour-mash
    t =     0.05s         Terminate &lt;XCUIApplicationProcess: 0x6080000a6300 com.jameseisenhauer.sour-mash (52720)&gt;
    t =     5.01s         Waiting for accessibility to load
    t =     5.21s         Wait for app to idle
    t =     6.41s     Tap Button
    t =     6.41s         Wait for app to idle
    t =     6.47s         Find the Button
    t =     6.47s             Snapshot accessibility hierarchy for com.jameseisenhauer.sour-mash
    t =     6.50s             Find: Descendants matching type TabBar
    t =     6.50s             Find: Descendants matching type Button
    t =     6.50s             Find: Element at index 1
    t =     6.51s             Wait for app to idle
    t =     6.57s         Synthesize event
    t =     6.83s         Wait for app to idle
    t =     6.88s     Snapshot accessibility hierarchy for com.jameseisenhauer.sour-mash
    t =     6.90s     Find: Descendants matching type StaticText
    t =     6.90s     Find: Elements matching predicate &#x27;&quot;lbl_black_title&quot; IN identifiers&#x27;
    t =     6.90s     Use cached accessibility hierarchy for com.jameseisenhauer.sour-mash
    t =     6.90s     Find: Descendants matching type StaticText
    t =     6.90s     Find: Elements matching predicate &#x27;&quot;lbl_black_sub_title&quot; IN identifiers&#x27;
    t =     6.90s     Check predicate `exists == 1` against object `&quot;White&quot; Button`
    t =     6.90s         Use cached accessibility hierarchy for com.jameseisenhauer.sour-mash
    t =     6.91s         Find: Descendants matching type TabBar
    t =     6.91s         Find: Descendants matching type Button
    t =     6.91s         Find: Elements matching predicate &#x27;&quot;White&quot; IN identifiers&#x27;
    t =     6.91s     Find the &quot;White&quot; Button
    t =     6.91s         Use cached accessibility hierarchy for com.jameseisenhauer.sour-mash
    t =     6.91s         Find: Descendants matching type TabBar
    t =     6.91s         Find: Descendants matching type Button
    t =     6.91s         Find: Elements matching predicate &#x27;&quot;White&quot; IN identifiers&#x27;
    t =     7.19s     Tap &quot;White&quot; Button
    t =     7.19s         Wait for app to idle
    t =     7.25s         Find the &quot;White&quot; Button
    t =     7.25s             Snapshot accessibility hierarchy for com.jameseisenhauer.sour-mash
    t =     7.27s             Find: Descendants matching type TabBar
    t =     7.27s             Find: Descendants matching type Button
    t =     7.27s             Find: Elements matching predicate &#x27;&quot;White&quot; IN identifiers&#x27;
    t =     7.27s             Wait for app to idle
    t =     7.33s         Synthesize event
    t =     7.59s         Wait for app to idle
    t =     7.65s     Snapshot accessibility hierarchy for com.jameseisenhauer.sour-mash
    t =     7.66s     Find: Descendants matching type StaticText
    t =     7.66s     Find: Elements matching predicate &#x27;&quot;lbl_white_title&quot; IN identifiers&#x27;
    t =     7.67s     Use cached accessibility hierarchy for com.jameseisenhauer.sour-mash
    t =     7.67s     Find: Descendants matching type StaticText
    t =     7.67s     Find: Elements matching predicate &#x27;&quot;lbl_white_sub_title&quot; IN identifiers&#x27;
    t =     7.67s     Tear Down
        </system-out>
      </testcase>
    </testsuite>
  </testsuite>
</testsuites>

